arr[]=
{
30, 39, 8, 26, 36, 28, 6, 7, 41, 9,
35, 4, 38, 15, 14, 17, 5, 32, 46, 42,
37, 43, 22, 33, 49, 3, 23, 40, 10, 31,
1, 34, 19, 21, 12, 44, 11, 13, 24, 20,
27, 0, 16, 45, 29, 47, 18, 2, 48, 25
}
insert arr[0]: 30
case (A)
30

insert arr[1]: 39
case (B)
30
39

insert arr[2]: 8
case (B)
8
30
39

insert arr[3]: 26
case (B)
8
26
30
39

insert arr[4]: 36
case (B)
8
26
30
36
39

insert arr[5]: 28
case (C)
30
├───8
├───26
└───28
X
├───30
├───36
└───39

insert arr[6]: 6
case (B)
30
├───6
├───8
├───26
└───28
X
├───30
├───36
└───39

insert arr[7]: 7
case (B)
30
├───6
├───7
├───8
├───26
└───28
X
├───30
├───36
└───39

insert arr[8]: 41
case (B)
30
├───6
├───7
├───8
├───26
└───28
X
├───30
├───36
├───39
└───41

insert arr[9]: 9
case (D): call insertInternal()
9
├───6
├───7
└───8
30
├───9
├───26
└───28
X
├───30
├───36
├───39
└───41

insert arr[10]: 35
case (B)
9
├───6
├───7
└───8
30
├───9
├───26
└───28
X
├───30
├───35
├───36
├───39
└───41

insert arr[11]: 4
case (B)
9
├───4
├───6
├───7
└───8
30
├───9
├───26
└───28
X
├───30
├───35
├───36
├───39
└───41

insert arr[12]: 38
case (D): call insertInternal()
9
├───4
├───6
├───7
└───8
30
├───9
├───26
└───28
38
├───30
├───35
└───36
X
├───38
├───39
└───41

insert arr[13]: 15
case (B)
9
├───4
├───6
├───7
└───8
30
├───9
├───15
├───26
└───28
38
├───30
├───35
└───36
X
├───38
├───39
└───41

insert arr[14]: 14
case (B)
9
├───4
├───6
├───7
└───8
30
├───9
├───14
├───15
├───26
└───28
38
├───30
├───35
└───36
X
├───38
├───39
└───41

insert arr[15]: 17
case (D): call insertInternal()
9
├───4
├───6
├───7
└───8
17
├───9
├───14
└───15
30
├───17
├───26
└───28
38
├───30
├───35
└───36
X
├───38
├───39
└───41

insert arr[16]: 5
case (B)
9
├───4
├───5
├───6
├───7
└───8
17
├───9
├───14
└───15
30
├───17
├───26
└───28
38
├───30
├───35
└───36
X
├───38
├───39
└───41

insert arr[17]: 32
case (B)
9
├───4
├───5
├───6
├───7
└───8
17
├───9
├───14
└───15
30
├───17
├───26
└───28
38
├───30
├───32
├───35
└───36
X
├───38
├───39
└───41

insert arr[18]: 46
case (B)
9
├───4
├───5
├───6
├───7
└───8
17
├───9
├───14
└───15
30
├───17
├───26
└───28
38
├───30
├───32
├───35
└───36
X
├───38
├───39
├───41
└───46

insert arr[19]: 42
case (B)
9
├───4
├───5
├───6
├───7
└───8
17
├───9
├───14
└───15
30
├───17
├───26
└───28
38
├───30
├───32
├───35
└───36
X
├───38
├───39
├───41
├───42
└───46

insert arr[20]: 37
case (B)
9
├───4
├───5
├───6
├───7
└───8
17
├───9
├───14
└───15
30
├───17
├───26
└───28
38
├───30
├───32
├───35
├───36
└───37
X
├───38
├───39
├───41
├───42
└───46

insert arr[21]: 43
case (D): call insertInternal()
9
├───4
├───5
├───6
├───7
└───8
17
├───9
├───14
└───15
30
├───17
├───26
└───28
38
├───30
├───32
├───35
├───36
└───37
42
├───38
├───39
└───41
X
├───42
├───43
└───46

insert arr[22]: 22
case (B)
9
├───4
├───5
├───6
├───7
└───8
17
├───9
├───14
└───15
30
├───17
├───22
├───26
└───28
38
├───30
├───32
├───35
├───36
└───37
42
├───38
├───39
└───41
X
├───42
├───43
└───46

insert arr[23]: 33
case (E): call insertInternal()
35
├───9
│   ├───4
│   ├───5
│   ├───6
│   ├───7
│   └───8
├───17
│   ├───9
│   ├───14
│   └───15
├───30
│   ├───17
│   ├───22
│   ├───26
│   └───28
└───X
│   ├───30
│   ├───32
│   └───33
X
├───38
│   ├───35
│   ├───36
│   └───37
├───42
│   ├───38
│   ├───39
│   └───41
└───X
│   ├───42
│   ├───43
│   └───46

insert arr[24]: 49
case (B)
35
├───9
│   ├───4
│   ├───5
│   ├───6
│   ├───7
│   └───8
├───17
│   ├───9
│   ├───14
│   └───15
├───30
│   ├───17
│   ├───22
│   ├───26
│   └───28
└───X
│   ├───30
│   ├───32
│   └───33
X
├───38
│   ├───35
│   ├───36
│   └───37
├───42
│   ├───38
│   ├───39
│   └───41
└───X
│   ├───42
│   ├───43
│   ├───46
│   └───49

insert arr[25]: 3
case (D): call insertInternal()
35
├───6
│   ├───3
│   ├───4
│   └───5
├───9
│   ├───6
│   ├───7
│   └───8
├───17
│   ├───9
│   ├───14
│   └───15
├───30
│   ├───17
│   ├───22
│   ├───26
│   └───28
└───X
│   ├───30
│   ├───32
│   └───33
X
├───38
│   ├───35
│   ├───36
│   └───37
├───42
│   ├───38
│   ├───39
│   └───41
└───X
│   ├───42
│   ├───43
│   ├───46
│   └───49

insert arr[26]: 23
case (B)
35
├───6
│   ├───3
│   ├───4
│   └───5
├───9
│   ├───6
│   ├───7
│   └───8
├───17
│   ├───9
│   ├───14
│   └───15
├───30
│   ├───17
│   ├───22
│   ├───23
│   ├───26
│   └───28
└───X
│   ├───30
│   ├───32
│   └───33
X
├───38
│   ├───35
│   ├───36
│   └───37
├───42
│   ├───38
│   ├───39
│   └───41
└───X
│   ├───42
│   ├───43
│   ├───46
│   └───49

insert arr[27]: 40
case (B)
35
├───6
│   ├───3
│   ├───4
│   └───5
├───9
│   ├───6
│   ├───7
│   └───8
├───17
│   ├───9
│   ├───14
│   └───15
├───30
│   ├───17
│   ├───22
│   ├───23
│   ├───26
│   └───28
└───X
│   ├───30
│   ├───32
│   └───33
X
├───38
│   ├───35
│   ├───36
│   └───37
├───42
│   ├───38
│   ├───39
│   ├───40
│   └───41
└───X
│   ├───42
│   ├───43
│   ├───46
│   └───49

insert arr[28]: 10
case (B)
35
├───6
│   ├───3
│   ├───4
│   └───5
├───9
│   ├───6
│   ├───7
│   └───8
├───17
│   ├───9
│   ├───10
│   ├───14
│   └───15
├───30
│   ├───17
│   ├───22
│   ├───23
│   ├───26
│   └───28
└───X
│   ├───30
│   ├───32
│   └───33
X
├───38
│   ├───35
│   ├───36
│   └───37
├───42
│   ├───38
│   ├───39
│   ├───40
│   └───41
└───X
│   ├───42
│   ├───43
│   ├───46
│   └───49

insert arr[29]: 31
case (B)
35
├───6
│   ├───3
│   ├───4
│   └───5
├───9
│   ├───6
│   ├───7
│   └───8
├───17
│   ├───9
│   ├───10
│   ├───14
│   └───15
├───30
│   ├───17
│   ├───22
│   ├───23
│   ├───26
│   └───28
└───X
│   ├───30
│   ├───31
│   ├───32
│   └───33
X
├───38
│   ├───35
│   ├───36
│   └───37
├───42
│   ├───38
│   ├───39
│   ├───40
│   └───41
└───X
│   ├───42
│   ├───43
│   ├───46
│   └───49

insert arr[30]: 1
case (B)
35
├───6
│   ├───1
│   ├───3
│   ├───4
│   └───5
├───9
│   ├───6
│   ├───7
│   └───8
├───17
│   ├───9
│   ├───10
│   ├───14
│   └───15
├───30
│   ├───17
│   ├───22
│   ├───23
│   ├───26
│   └───28
└───X
│   ├───30
│   ├───31
│   ├───32
│   └───33
X
├───38
│   ├───35
│   ├───36
│   └───37
├───42
│   ├───38
│   ├───39
│   ├───40
│   └───41
└───X
│   ├───42
│   ├───43
│   ├───46
│   └───49

insert arr[31]: 34
case (B)
35
├───6
│   ├───1
│   ├───3
│   ├───4
│   └───5
├───9
│   ├───6
│   ├───7
│   └───8
├───17
│   ├───9
│   ├───10
│   ├───14
│   └───15
├───30
│   ├───17
│   ├───22
│   ├───23
│   ├───26
│   └───28
└───X
│   ├───30
│   ├───31
│   ├───32
│   ├───33
│   └───34
X
├───38
│   ├───35
│   ├───36
│   └───37
├───42
│   ├───38
│   ├───39
│   ├───40
│   └───41
└───X
│   ├───42
│   ├───43
│   ├───46
│   └───49

insert arr[32]: 19
case (D): call insertInternal()
35
├───6
│   ├───1
│   ├───3
│   ├───4
│   └───5
├───9
│   ├───6
│   ├───7
│   └───8
├───17
│   ├───9
│   ├───10
│   ├───14
│   └───15
├───23
│   ├───17
│   ├───19
│   └───22
├───30
│   ├───23
│   ├───26
│   └───28
└───X
│   ├───30
│   ├───31
│   ├───32
│   ├───33
│   └───34
X
├───38
│   ├───35
│   ├───36
│   └───37
├───42
│   ├───38
│   ├───39
│   ├───40
│   └───41
└───X
│   ├───42
│   ├───43
│   ├───46
│   └───49

insert arr[33]: 21
case (B)
35
├───6
│   ├───1
│   ├───3
│   ├───4
│   └───5
├───9
│   ├───6
│   ├───7
│   └───8
├───17
│   ├───9
│   ├───10
│   ├───14
│   └───15
├───23
│   ├───17
│   ├───19
│   ├───21
│   └───22
├───30
│   ├───23
│   ├───26
│   └───28
└───X
│   ├───30
│   ├───31
│   ├───32
│   ├───33
│   └───34
X
├───38
│   ├───35
│   ├───36
│   └───37
├───42
│   ├───38
│   ├───39
│   ├───40
│   └───41
└───X
│   ├───42
│   ├───43
│   ├───46
│   └───49

insert arr[34]: 12
case (B)
35
├───6
│   ├───1
│   ├───3
│   ├───4
│   └───5
├───9
│   ├───6
│   ├───7
│   └───8
├───17
│   ├───9
│   ├───10
│   ├───12
│   ├───14
│   └───15
├───23
│   ├───17
│   ├───19
│   ├───21
│   └───22
├───30
│   ├───23
│   ├───26
│   └───28
└───X
│   ├───30
│   ├───31
│   ├───32
│   ├───33
│   └───34
X
├───38
│   ├───35
│   ├───36
│   └───37
├───42
│   ├───38
│   ├───39
│   ├───40
│   └───41
└───X
│   ├───42
│   ├───43
│   ├───46
│   └───49

insert arr[35]: 44
case (B)
35
├───6
│   ├───1
│   ├───3
│   ├───4
│   └───5
├───9
│   ├───6
│   ├───7
│   └───8
├───17
│   ├───9
│   ├───10
│   ├───12
│   ├───14
│   └───15
├───23
│   ├───17
│   ├───19
│   ├───21
│   └───22
├───30
│   ├───23
│   ├───26
│   └───28
└───X
│   ├───30
│   ├───31
│   ├───32
│   ├───33
│   └───34
X
├───38
│   ├───35
│   ├───36
│   └───37
├───42
│   ├───38
│   ├───39
│   ├───40
│   └───41
└───X
│   ├───42
│   ├───43
│   ├───44
│   ├───46
│   └───49

insert arr[36]: 11
case (F): call insertInternal()
case (D): call insertInternal()
23
├───6
│   ├───1
│   ├───3
│   ├───4
│   └───5
├───9
│   ├───6
│   ├───7
│   └───8
├───12
│   ├───9
│   ├───10
│   └───11
└───X
│   ├───12
│   ├───14
│   └───15
35
├───23
│   ├───17
│   ├───19
│   ├───21
│   └───22
├───30
│   ├───23
│   ├───26
│   └───28
└───X
│   ├───30
│   ├───31
│   ├───32
│   ├───33
│   └───34
X
├───38
│   ├───35
│   ├───36
│   └───37
├───42
│   ├───38
│   ├───39
│   ├───40
│   └───41
└───X
│   ├───42
│   ├───43
│   ├───44
│   ├───46
│   └───49
check(): key "17" not found!!
